mode: set
webapp/cmd/web/sessions.go:11.39,19.2 6 1
webapp/cmd/web/forms.go:11.42,13.26 2 1
webapp/cmd/web/forms.go:17.2,17.22 1 1
webapp/cmd/web/forms.go:13.26,15.3 1 1
webapp/cmd/web/forms.go:21.44,23.2 1 1
webapp/cmd/web/forms.go:32.37,37.2 1 1
webapp/cmd/web/forms.go:40.39,42.13 2 1
webapp/cmd/web/forms.go:45.2,45.13 1 1
webapp/cmd/web/forms.go:42.13,44.3 1 1
webapp/cmd/web/forms.go:49.43,50.31 1 1
webapp/cmd/web/forms.go:50.31,52.37 2 1
webapp/cmd/web/forms.go:52.37,54.4 1 1
webapp/cmd/web/forms.go:60.52,61.9 1 1
webapp/cmd/web/forms.go:61.9,63.3 1 1
webapp/cmd/web/forms.go:67.29,69.2 1 1
webapp/cmd/web/handlers.go:14.70,17.45 2 1
webapp/cmd/web/handlers.go:23.2,23.67 1 1
webapp/cmd/web/handlers.go:17.45,20.3 2 1
webapp/cmd/web/handlers.go:20.8,22.3 1 1
webapp/cmd/web/handlers.go:31.108,34.16 2 1
webapp/cmd/web/handlers.go:39.2,43.16 3 1
webapp/cmd/web/handlers.go:47.2,47.12 1 1
webapp/cmd/web/handlers.go:34.16,37.3 2 1
webapp/cmd/web/handlers.go:43.16,45.3 1 0
webapp/cmd/web/handlers.go:50.71,52.16 2 0
webapp/cmd/web/handlers.go:59.2,62.19 3 0
webapp/cmd/web/handlers.go:67.2,72.22 4 0
webapp/cmd/web/handlers.go:52.16,56.3 3 0
webapp/cmd/web/handlers.go:62.19,65.3 2 0
webapp/cmd/web/main.go:14.13,26.16 5 0
webapp/cmd/web/main.go:26.16,28.3 1 0
webapp/cmd/web/middleware.go:14.67,16.2 1 1
webapp/cmd/web/middleware.go:18.72,19.71 1 1
webapp/cmd/web/middleware.go:19.71,23.17 3 1
webapp/cmd/web/middleware.go:32.3,32.40 1 1
webapp/cmd/web/middleware.go:23.17,25.20 2 1
webapp/cmd/web/middleware.go:28.4,28.60 1 1
webapp/cmd/web/middleware.go:25.20,27.5 1 1
webapp/cmd/web/middleware.go:29.9,31.4 1 1
webapp/cmd/web/middleware.go:36.45,38.16 2 1
webapp/cmd/web/middleware.go:42.2,43.19 2 1
webapp/cmd/web/middleware.go:47.2,48.22 2 1
webapp/cmd/web/middleware.go:52.2,52.18 1 1
webapp/cmd/web/middleware.go:56.2,56.16 1 1
webapp/cmd/web/middleware.go:38.16,40.3 1 1
webapp/cmd/web/middleware.go:43.19,45.3 1 1
webapp/cmd/web/middleware.go:48.22,50.3 1 1
webapp/cmd/web/middleware.go:52.18,54.3 1 0
webapp/cmd/web/routes.go:10.47,27.2 9 1
